#
# There is insufficient memory for the Java Runtime Environment to continue.
# Native memory allocation (mmap) failed to map 134217728 bytes for Failed to commit area from 0x0000000081c00000 to 0x0000000089c00000 of length 134217728.
# Possible reasons:
#   The system is out of physical RAM or swap space
#   The process is running with CompressedOops enabled, and the Java Heap may be blocking the growth of the native heap
# Possible solutions:
#   Reduce memory load on the system
#   Increase physical memory or swap space
#   Check if swap backing store is full
#   Decrease Java heap size (-Xmx/-Xms)
#   Decrease number of Java threads
#   Decrease Java thread stack sizes (-Xss)
#   Set larger code cache with -XX:ReservedCodeCacheSize=
#   JVM is running with Unscaled Compressed Oops mode in which the Java heap is
#     placed in the first 4GB address space. The Java Heap base address is the
#     maximum limit for the native heap growth. Please use -XX:HeapBaseMinAddress
#     to set the Java Heap base and to place the Java Heap above 4GB virtual address.
# This output file may be truncated or incomplete.
#
#  Out of Memory Error (./open/src/hotspot/os/windows/os_windows.cpp:3315), pid=3772, tid=2244
#
# JRE version:  (14.0.2+12) (build )
# Java VM: Java HotSpot(TM) 64-Bit Server VM (14.0.2+12-46, mixed mode, sharing, tiered, compressed oops, g1 gc, windows-amd64)
# No core dump will be written. Minidumps are not enabled by default on client versions of Windows
#

---------------  S U M M A R Y ------------

Command Line: 

Host: Intel(R) Core(TM) i5-8250U CPU @ 1.60GHz, 8 cores, 7G,  Windows 10 , 64 bit Build 19041 (10.0.19041.546)
Time: Wed Oct 28 19:05:08 2020 Bangladesh Standard Time elapsed time: 0 seconds (0d 0h 0m 0s)

---------------  T H R E A D  ---------------

Current thread (0x000001a6bff35000):  JavaThread "Unknown thread" [_thread_in_vm, id=2244, stack(0x0000004e1a600000,0x0000004e1a700000)]

Stack: [0x0000004e1a600000,0x0000004e1a700000]
Native frames: (J=compiled Java code, j=interpreted, Vv=VM code, C=native code)
V  [jvm.dll+0x5f8a9a]
V  [jvm.dll+0x74247a]
V  [jvm.dll+0x743c2f]
V  [jvm.dll+0x744273]
V  [jvm.dll+0x20d288]
V  [jvm.dll+0x5f5dea]
V  [jvm.dll+0x5eac45]
V  [jvm.dll+0x2c7e9c]
V  [jvm.dll+0x2c7cd2]
V  [jvm.dll+0x2cdbbc]
V  [jvm.dll+0x313fe8]
V  [jvm.dll+0x313710]
V  [jvm.dll+0x2a092a]
V  [jvm.dll+0x2a1a79]
V  [jvm.dll+0x71fd48]
V  [jvm.dll+0x321c14]
V  [jvm.dll+0x70112c]
V  [jvm.dll+0x392def]
V  [jvm.dll+0x394e61]
C  [jli.dll+0x524b]
C  [ucrtbase.dll+0x214c2]
C  [KERNEL32.DLL+0x17034]
C  [ntdll.dll+0x4cec1]


---------------  P R O C E S S  ---------------

Threads class SMR info:
_java_thread_list=0x00007ffbff9c3038, length=0, elements={
}

Java Threads: ( => current thread )

Other Threads:
  0x000001a6bff78000 GCTaskThread "GC Thread#0" [stack: 0x0000004e1a700000,0x0000004e1a800000] [id=12284]
  0x000001a6bff8a800 ConcurrentGCThread "G1 Main Marker" [stack: 0x0000004e1a800000,0x0000004e1a900000] [id=10424]
  0x000001a6bff8c000 ConcurrentGCThread "G1 Conc#0" [stack: 0x0000004e1a900000,0x0000004e1aa00000] [id=6876]

[error occurred during error reporting (printing all threads), id 0xc0000005, EXCEPTION_ACCESS_VIOLATION (0xc0000005) at pc=0x00007ffbff1f1257]

VM state:not at safepoint (not fully initialized)

VM Mutex/Monitor currently owned by a thread:  ([mutex/lock_event])
[0x000001a6bff314a0] Heap_lock - owner thread: 0x000001a6bff35000

Heap address: 0x0000000081c00000, size: 2020 MB, Compressed Oops mode: 32-bit
Narrow klass base: 0x0000000000000000, Narrow klass shift: 0

GC Heap History (0 events):
No events

Deoptimization events (0 events):
No events

Classes unloaded (0 events):
No events

Classes redefined (0 events):
No events

Internal exceptions (0 events):
No events

Events (2 events):
Event: 0.012 Loaded shared library C:\Program Files\Java\jdk-14.0.2\bin\java.dll
Event: 0.012 Loaded shared library C:\Program Files\Java\jdk-14.0.2\bin\zip.dll


Dynamic libraries:
0x00007ff7bfd40000 - 0x00007ff7bfd4f000 	C:\Program Files\Java\jdk-14.0.2\bin\java.exe
0x00007ffc660d0000 - 0x00007ffc662c6000 	C:\WINDOWS\SYSTEM32\ntdll.dll
0x00007ffc65570000 - 0x00007ffc6562d000 	C:\WINDOWS\System32\KERNEL32.DLL
0x00007ffc63940000 - 0x00007ffc63c08000 	C:\WINDOWS\System32\KERNELBASE.dll
0x00007ffc64040000 - 0x00007ffc64140000 	C:\WINDOWS\System32\ucrtbase.dll
0x00007ffc34d10000 - 0x00007ffc34d25000 	C:\Program Files\Java\jdk-14.0.2\bin\VCRUNTIME140.dll
0x00007ffc34ae0000 - 0x00007ffc34af8000 	C:\Program Files\Java\jdk-14.0.2\bin\jli.dll
0x00007ffc65ee0000 - 0x00007ffc65f8a000 	C:\WINDOWS\System32\ADVAPI32.dll
0x00007ffc65e40000 - 0x00007ffc65ede000 	C:\WINDOWS\System32\msvcrt.dll
0x00007ffc64ec0000 - 0x00007ffc64f5b000 	C:\WINDOWS\System32\sechost.dll
0x00007ffc65660000 - 0x00007ffc65784000 	C:\WINDOWS\System32\RPCRT4.dll
0x00007ffc65850000 - 0x00007ffc659f0000 	C:\WINDOWS\System32\USER32.dll
0x00007ffc63e20000 - 0x00007ffc63e42000 	C:\WINDOWS\System32\win32u.dll
0x00007ffc4ed00000 - 0x00007ffc4ef9b000 	C:\WINDOWS\WinSxS\amd64_microsoft.windows.common-controls_6595b64144ccf1df_6.0.19041.488_none_ca04af081b815d21\COMCTL32.dll
0x00007ffc66060000 - 0x00007ffc6608a000 	C:\WINDOWS\System32\GDI32.dll
0x00007ffc63f30000 - 0x00007ffc64039000 	C:\WINDOWS\System32\gdi32full.dll
0x00007ffc63820000 - 0x00007ffc638bd000 	C:\WINDOWS\System32\msvcp_win.dll
0x00007ffc5a920000 - 0x00007ffc5a92a000 	C:\WINDOWS\SYSTEM32\VERSION.dll
0x00007ffc65790000 - 0x00007ffc657c0000 	C:\WINDOWS\System32\IMM32.DLL
0x00007ffc07b00000 - 0x00007ffc07b9b000 	C:\Program Files\Java\jdk-14.0.2\bin\msvcp140.dll
0x00007ffbfef40000 - 0x00007ffbffa5e000 	C:\Program Files\Java\jdk-14.0.2\bin\server\jvm.dll
0x00007ffc653d0000 - 0x00007ffc653d8000 	C:\WINDOWS\System32\PSAPI.DLL
0x00007ffc5e3a0000 - 0x00007ffc5e3a9000 	C:\WINDOWS\SYSTEM32\WSOCK32.dll
0x00007ffc4f7a0000 - 0x00007ffc4f7c7000 	C:\WINDOWS\SYSTEM32\WINMM.dll
0x00007ffc65cf0000 - 0x00007ffc65d5b000 	C:\WINDOWS\System32\WS2_32.dll
0x00007ffc62100000 - 0x00007ffc62112000 	C:\WINDOWS\SYSTEM32\kernel.appcore.dll
0x00007ffc4ec00000 - 0x00007ffc4ec0a000 	C:\Program Files\Java\jdk-14.0.2\bin\jimage.dll
0x00007ffc61ee0000 - 0x00007ffc620c4000 	C:\WINDOWS\SYSTEM32\DBGHELP.DLL
0x00007ffc4f960000 - 0x00007ffc4f98c000 	C:\WINDOWS\SYSTEM32\dbgcore.DLL
0x00007ffc638c0000 - 0x00007ffc6393f000 	C:\WINDOWS\System32\bcryptPrimitives.dll
0x00007ffc19e80000 - 0x00007ffc19ea5000 	C:\Program Files\Java\jdk-14.0.2\bin\java.dll
0x00007ffc2e590000 - 0x00007ffc2e5a6000 	C:\Program Files\Java\jdk-14.0.2\bin\zip.dll

dbghelp: loaded successfully - version: 4.0.5 - missing functions: none
symbol engine: initialized successfully - sym options: 0x614 - pdb path: .;C:\Program Files\Java\jdk-14.0.2\bin;C:\WINDOWS\SYSTEM32;C:\WINDOWS\WinSxS\amd64_microsoft.windows.common-controls_6595b64144ccf1df_6.0.19041.488_none_ca04af081b815d21;C:\Program Files\Java\jdk-14.0.2\bin\server

VM Arguments:
java_command: <unknown>
java_class_path (initial): <not set>
Launcher Type: SUN_STANDARD

[Global flags]
     intx CICompilerCount                          = 4                                         {product} {ergonomic}
     uint ConcGCThreads                            = 2                                         {product} {ergonomic}
     uint G1ConcRefinementThreads                  = 8                                         {product} {ergonomic}
   size_t G1HeapRegionSize                         = 1048576                                   {product} {ergonomic}
    uintx GCDrainStackTargetSize                   = 64                                        {product} {ergonomic}
   size_t InitialHeapSize                          = 134217728                                 {product} {ergonomic}
   size_t MarkStackSize                            = 4194304                                   {product} {ergonomic}
   size_t MaxHeapSize                              = 2118123520                                {product} {ergonomic}
   size_t MinHeapDeltaBytes                        = 1048576                                   {product} {ergonomic}
   size_t MinHeapSize                              = 8388608                                   {product} {ergonomic}
    uintx NonNMethodCodeHeapSize                   = 5839372                                {pd product} {ergonomic}
    uintx NonProfiledCodeHeapSize                  = 122909434                              {pd product} {ergonomic}
    uintx ProfiledCodeHeapSize                     = 122909434                              {pd product} {ergonomic}
    uintx ReservedCodeCacheSize                    = 251658240                              {pd product} {ergonomic}
     bool SegmentedCodeCache                       = true                                      {product} {ergonomic}
   size_t SoftMaxHeapSize                          = 2118123520                             {manageable} {ergonomic}
     bool UseCompressedClassPointers               = true                                 {lp64_product} {ergonomic}
     bool UseCompressedOops                        = true                                 {lp64_product} {ergonomic}
     bool UseG1GC                                  = true                                      {product} {ergonomic}
     bool UseLargePagesIndividualAllocation        = false                                  {pd product} {ergonomic}

Logging:
Log output configuration:
 #0: stdout all=warning uptime,level,tags
 #1: stderr all=off uptime,level,tags

Environment Variables:
JAVA_HOME=C:\Program Files\Java\jdk-14.0.2
PATH=C:\WINDOWS\system32;C:\WINDOWS;C:\WINDOWS\System32\Wbem;C:\WINDOWS\System32\WindowsPowerShell\v1.0\;C:\WINDOWS\System32\OpenSSH\;C:\Program Files\Java\jdk-14\bin;C:\Program Files\Java\jdk-14.0.2\bin;C:\Users\User\AppData\Local\Microsoft\WindowsApps;C:\Program Files\CodeBlocks\MinGW\bin;
USERNAME=User
OS=Windows_NT
PROCESSOR_IDENTIFIER=Intel64 Family 6 Model 142 Stepping 10, GenuineIntel



---------------  S Y S T E M  ---------------

OS: Windows 10 , 64 bit Build 19041 (10.0.19041.546)
OS uptime: 2 days 4:02 hours

CPU:total 8 (initial active 8) (4 cores per cpu, 2 threads per core) family 6 model 142 stepping 10, cmov, cx8, fxsr, mmx, sse, sse2, sse3, ssse3, sse4.1, sse4.2, popcnt, avx, avx2, aes, clmul, erms, 3dnowpref, lzcnt, ht, tsc, tscinvbit, bmi1, bmi2, adx, fma

Memory: 4k page, system-wide physical 8076M (257M free)
TotalPageFile size 32652M (AvailPageFile size 67M)
current process WorkingSet (physical memory assigned to process): 10M, peak: 10M
current process commit charge ("private bytes"): 60M, peak: 188M

vm_info: Java HotSpot(TM) 64-Bit Server VM (14.0.2+12-46) for windows-amd64 JRE (14.0.2+12-46), built on Jul  9 2020 00:35:52 by "mach5one" with MS VC++ 15.9 (VS2017)

END.
